$ next build
▲ Next.js 16.1.0 (Turbopack)

  Creating an optimized production build ...
✓ Compiled successfully in 1841.6ms
  Running TypeScript ...
  Collecting page data using 9 workers ...
  Generating static pages using 9 workers (0/20) ...
⚠ metadataBase property in metadata export is not set for resolving social open graph or twitter images, using "http://localhost:3000". See https://nextjs.org/docs/app/api-reference/functions/generate-metadata#metadatabase
  Generating static pages using 9 workers (5/20) 
  Generating static pages using 9 workers (10/20) 
  Generating static pages using 9 workers (15/20) 
✓ Generating static pages using 9 workers (20/20) in 263.2ms
  Finalizing page optimization ...

Route (app)
┌ ○ /
├ ○ /_not-found
├ ○ /about
├ ○ /academy
├ ○ /admin/content
├ ƒ /api/content/generate-lesson
├ ○ /community
├ ƒ /community/[id]
├ ○ /community/write
├ ○ /forgot-password
├ ○ /lab
├ ○ /login
├ ○ /mypage
├ ○ /privacy
├ ○ /robots.txt
├ ○ /showcase
├ ○ /signup
├ ○ /sitemap.xml
└ ○ /terms


○  (Static)   prerendered as static content
ƒ  (Dynamic)  server-rendered on demand

